<?xml version="1.0" encoding="UTF-8"?>
<!-- Generated by org.testng.reporters.JUnitReportReporter -->
<testsuite hostname="LAPTOP-57Q5F189" failures="0" tests="3" name="rahulShettyAcademy.tests.SubmitOrderTest" time="28.089" errors="0" timestamp="2024-02-13T18:41:31 CST" skipped="0">
  <testcase classname="rahulShettyAcademy.tests.SubmitOrderTest" name="OrderHistoryTest" time="5.846"/>
  <testcase classname="rahulShettyAcademy.tests.SubmitOrderTest" name="submitOrder" time="11.933"/>
  <testcase classname="rahulShettyAcademy.tests.SubmitOrderTest" name="submitOrder" time="10.310"/>
</testsuite> <!-- rahulShettyAcademy.tests.SubmitOrderTest -->
