<?xml version="1.0" encoding="UTF-8"?>
<!-- Generated by org.testng.reporters.JUnitReportReporter -->
<testsuite hostname="LAPTOP-57Q5F189" failures="0" tests="1" name="cucumber.TestNGTestRunner" time="10.915" errors="0" timestamp="2024-02-14T22:42:03 CST" skipped="0">
  <testcase classname="cucumber.TestNGTestRunner" name="runScenario" time="10.915"/>
</testsuite> <!-- cucumber.TestNGTestRunner -->
