<?xml version="1.0" encoding="UTF-8"?>
<!-- Generated by org.testng.reporters.JUnitReportReporter -->
<testsuite hostname="LAPTOP-57Q5F189" failures="0" tests="3" name="rahulShettyAcademy.tests.SubmitOrderTest" time="29.497" errors="0" timestamp="2024-02-15T09:43:12 CST" skipped="0">
  <testcase classname="rahulShettyAcademy.tests.SubmitOrderTest" name="OrderHistoryTest" time="5.994"/>
  <testcase classname="rahulShettyAcademy.tests.SubmitOrderTest" name="submitOrder" time="10.576"/>
  <testcase classname="rahulShettyAcademy.tests.SubmitOrderTest" name="submitOrder" time="12.927"/>
</testsuite> <!-- rahulShettyAcademy.tests.SubmitOrderTest -->
