<?xml version="1.0" encoding="UTF-8"?>
<!-- Generated by org.testng.reporters.JUnitReportReporter -->
<testsuite hostname="LAPTOP-57Q5F189" failures="0" tests="2" name="rahulShettyAcademy.tests.ErrorValidationsTest" time="19.949" errors="0" timestamp="2024-02-15T09:43:12 CST" skipped="0">
  <testcase classname="rahulShettyAcademy.tests.ErrorValidationsTest" name="loginErrorValidation" time="9.576"/>
  <testcase classname="rahulShettyAcademy.tests.ErrorValidationsTest" name="productErrorValidation" time="10.373"/>
</testsuite> <!-- rahulShettyAcademy.tests.ErrorValidationsTest -->
